2025-11-19 13:41:28,601 [INFO] BasicBot - Client initialized (testnet=True)
2025-11-19 14:42:19,000 [INFO] BasicBot - API Request: Futures MARKET BUY BTCUSDT | Params: {'symbol': 'BTCUSDT', 'side': 'BUY', 'type': 'MARKET', 'quantity': 0.001}
2025-11-19 14:42:19,403 [ERROR] BasicBot - Binance error during Futures MARKET BUY BTCUSDT: APIError(code=-1022): Signature for this request is not valid.
Traceback (most recent call last):
  File "D:\binance\bot.py", line 49, in _safe_call
    response = func(**params)
  File "c:\Python313\Lib\site-packages\binance\client.py", line 7782, in futures_create_order
    return self._request_futures_api("post", "order", True, data=params)
           ~~~~~~~~~~~~~~~~~~~~~~~~~^^^^^^^^^^^^^^^^^^^^^^^^^^^^^^^^^^^^
  File "c:\Python313\Lib\site-packages\binance\client.py", line 128, in _request_futures_api
    return self._request(method, uri, signed, force_params, **kwargs)
           ~~~~~~~~~~~~~^^^^^^^^^^^^^^^^^^^^^^^^^^^^^^^^^^^^^^^^^^^^^
  File "c:\Python313\Lib\site-packages\binance\client.py", line 91, in _request
    return self._handle_response(self.response)
           ~~~~~~~~~~~~~~~~~~~~~^^^^^^^^^^^^^^^
  File "c:\Python313\Lib\site-packages\binance\client.py", line 100, in _handle_response
    raise BinanceAPIException(response, response.status_code, response.text)
binance.exceptions.BinanceAPIException: APIError(code=-1022): Signature for this request is not valid.
2025-11-19 14:46:52,812 [INFO] BasicBot - Client initialized (testnet=True)
2025-11-19 14:47:27,254 [INFO] BasicBot - API Request: Futures MARKET BUY BTCUSDT | Params: {'symbol': 'BTCUSDT', 'side': 'BUY', 'type': 'MARKET', 'quantity': 0.001}
2025-11-19 14:47:27,617 [ERROR] BasicBot - Binance error during Futures MARKET BUY BTCUSDT: APIError(code=-4164): Order's notional must be no smaller than 100 (unless you choose reduce only).
Traceback (most recent call last):
  File "D:\binance\bot.py", line 46, in _safe_call
    response = func(**params)
  File "c:\Python313\Lib\site-packages\binance\client.py", line 7782, in futures_create_order
    return self._request_futures_api("post", "order", True, data=params)
           ~~~~~~~~~~~~~~~~~~~~~~~~~^^^^^^^^^^^^^^^^^^^^^^^^^^^^^^^^^^^^
  File "c:\Python313\Lib\site-packages\binance\client.py", line 128, in _request_futures_api
    return self._request(method, uri, signed, force_params, **kwargs)
           ~~~~~~~~~~~~~^^^^^^^^^^^^^^^^^^^^^^^^^^^^^^^^^^^^^^^^^^^^^
  File "c:\Python313\Lib\site-packages\binance\client.py", line 91, in _request
    return self._handle_response(self.response)
           ~~~~~~~~~~~~~~~~~~~~~^^^^^^^^^^^^^^^
  File "c:\Python313\Lib\site-packages\binance\client.py", line 100, in _handle_response
    raise BinanceAPIException(response, response.status_code, response.text)
binance.exceptions.BinanceAPIException: APIError(code=-4164): Order's notional must be no smaller than 100 (unless you choose reduce only).
2025-11-19 14:54:46,255 [INFO] BasicBot - Client initialized (testnet=True)
2025-11-19 14:56:03,760 [INFO] BasicBot - API Request: Futures MARKET BUY BTCUSDT | Params: {'symbol': 'BTCUSDT', 'side': 'BUY', 'type': 'MARKET', 'quantity': 0.002}
2025-11-19 14:56:04,175 [INFO] BasicBot - API Response (Futures MARKET BUY BTCUSDT): {'orderId': 10353732340, 'symbol': 'BTCUSDT', 'status': 'NEW', 'clientOrderId': 'x-Cb7ytekJc8aac5718636f6c3dea8d6', 'price': '0.00', 'avgPrice': '0.00', 'origQty': '0.002', 'executedQty': '0.000', 'cumQty': '0.000', 'cumQuote': '0.00000', 'timeInForce': 'GTC', 'type': 'MARKET', 'reduceOnly': False, 'closePosition': False, 'side': 'BUY', 'positionSide': 'BOTH', 'stopPrice': '0.00', 'workingType': 'CONTRACT_PRICE', 'priceProtect': False, 'origType': 'MARKET', 'priceMatch': 'NONE', 'selfTradePreventionMode': 'EXPIRE_MAKER', 'goodTillDate': 0, 'updateTime': 1763544363856}
